<?xml version="1.0" encoding="UTF-8"?>
<!-- Generated by org.testng.reporters.JUnitReportReporter -->
<testsuite hostname="DESKTOP-5BKKI8L" failures="0" tests="1" name="com.allianz.test.loginTest" time="15.373" errors="0" timestamp="2024-05-09T02:28:16 PDT" skipped="0">
  <testcase classname="com.allianz.test.loginTest" name="validLogin" time="15.373"/>
</testsuite> <!-- com.allianz.test.loginTest -->
