<?xml version="1.0" encoding="UTF-8"?>
<!-- Generated by org.testng.reporters.JUnitReportReporter -->
<testsuite hostname="DESKTOP-5BKKI8L" failures="0" tests="1" name="com.allianz.test.loginUITest" time="13.070" errors="0" timestamp="2024-05-14T22:21:08 PDT" skipped="0">
  <testcase classname="com.allianz.test.loginUITest" name="Application" time="13.070"/>
</testsuite> <!-- com.allianz.test.loginUITest -->
