<?xml version="1.0" encoding="UTF-8"?>
<!-- Generated by org.testng.reporters.JUnitReportReporter -->
<testsuite hostname="DESKTOP-5BKKI8L" failures="0" tests="1" name="com.allianz.test.AddEmployee" time="16.012" errors="0" timestamp="2024-05-14T12:15:01 PDT" skipped="0">
  <testcase classname="com.allianz.test.AddEmployee" name="uploadinvalidpicture" time="16.012"/>
</testsuite> <!-- com.allianz.test.AddEmployee -->
