<?xml version="1.0" encoding="UTF-8"?>
<!-- Generated by org.testng.reporters.JUnitReportReporter -->
<testsuite hostname="DESKTOP-5BKKI8L" failures="0" tests="2" name="com.allianz.test.loginTest" time="26.119" errors="0" timestamp="2024-05-14T18:54:52 PDT" skipped="0">
  <testcase classname="com.allianz.test.loginTest" name="validLogin" time="12.543"/>
  <testcase classname="com.allianz.test.loginTest" name="validLogin" time="13.576"/>
</testsuite> <!-- com.allianz.test.loginTest -->
