<?xml version="1.0" encoding="UTF-8"?>
<!-- Generated by org.testng.reporters.JUnitReportReporter -->
<testsuite hostname="DESKTOP-5BKKI8L" failures="0" tests="2" name="com.allianz.test.loginUITest" time="42.379" errors="0" timestamp="2024-05-06T00:24:13 PDT" skipped="0">
  <testcase classname="com.allianz.test.loginUITest" name="Application" time="27.669"/>
  <testcase classname="com.allianz.test.loginUITest" name="titletes" time="14.710"/>
</testsuite> <!-- com.allianz.test.loginUITest -->
