<?xml version="1.0" encoding="UTF-8"?>
<!-- Generated by org.testng.reporters.JUnitReportReporter -->
<testsuite hostname="DESKTOP-5BKKI8L" failures="0" tests="2" name="com.allianz.test.loginTest" time="61.033" errors="0" timestamp="2024-05-08T05:33:21 PDT" skipped="0">
  <testcase classname="com.allianz.test.loginTest" name="invalidLogin" time="15.395"/>
  <testcase classname="com.allianz.test.loginTest" name="invalidLogin" time="45.638"/>
</testsuite> <!-- com.allianz.test.loginTest -->
