<?xml version="1.0" encoding="UTF-8"?>
<!-- Generated by org.testng.reporters.JUnitReportReporter -->
<testsuite hostname="DESKTOP-5BKKI8L" failures="0" tests="2" name="com.allianz.test.loginUITest" time="0.034" errors="0" timestamp="2024-05-02T23:04:07 PDT" skipped="0">
  <testcase classname="com.allianz.test.loginUITest" name="titletes" time="0.028"/>
  <testcase classname="com.allianz.test.loginUITest" name="Application" time="0.006"/>
</testsuite> <!-- com.allianz.test.loginUITest -->
