<?xml version="1.0" encoding="UTF-8"?>
<!-- Generated by org.testng.reporters.JUnitReportReporter -->
<testsuite hostname="DESKTOP-5BKKI8L" failures="0" tests="6" name="com.allianz.test.loginTest" time="93.424" errors="0" timestamp="2024-05-14T22:13:55 PDT" skipped="0">
  <testcase classname="com.allianz.test.loginTest" name="invalidLogin" time="14.495"/>
  <testcase classname="com.allianz.test.loginTest" name="invalidLogin" time="21.085"/>
  <testcase classname="com.allianz.test.loginTest" name="invalidLogin" time="12.609"/>
  <testcase classname="com.allianz.test.loginTest" name="validLogin" time="17.462"/>
  <testcase classname="com.allianz.test.loginTest" name="invalidLogin" time="13.767"/>
  <testcase classname="com.allianz.test.loginTest" name="validLogin" time="14.006"/>
</testsuite> <!-- com.allianz.test.loginTest -->
