<?xml version="1.0" encoding="UTF-8"?>
<!-- Generated by org.testng.reporters.JUnitReportReporter -->
<testsuite hostname="DESKTOP-5BKKI8L" failures="0" tests="2" name="com.allianz.test.loginTest" time="22.503" errors="0" timestamp="2024-05-06T01:42:40 PDT" skipped="0">
  <testcase classname="com.allianz.test.loginTest" name="invalidLogin" time="12.890"/>
  <testcase classname="com.allianz.test.loginTest" name="validLogin" time="9.613"/>
</testsuite> <!-- com.allianz.test.loginTest -->
