<?xml version="1.0" encoding="UTF-8"?>
<!-- Generated by org.testng.reporters.JUnitReportReporter -->
<testsuite hostname="DESKTOP-5BKKI8L" failures="0" tests="6" name="com.allianz.test.loginTest" time="64.321" errors="0" timestamp="2024-05-14T12:16:25 PDT" skipped="0">
  <testcase classname="com.allianz.test.loginTest" name="validLogin" time="9.120"/>
  <testcase classname="com.allianz.test.loginTest" name="invalidLogin" time="8.622"/>
  <testcase classname="com.allianz.test.loginTest" name="validLogin" time="19.754"/>
  <testcase classname="com.allianz.test.loginTest" name="invalidLogin" time="10.997"/>
  <testcase classname="com.allianz.test.loginTest" name="invalidLogin" time="5.362"/>
  <testcase classname="com.allianz.test.loginTest" name="invalidLogin" time="10.466"/>
</testsuite> <!-- com.allianz.test.loginTest -->
