<?xml version="1.0" encoding="UTF-8"?>
<!-- Generated by org.testng.reporters.JUnitReportReporter -->
<testsuite hostname="DESKTOP-5BKKI8L" failures="0" tests="2" name="com.allianz.test.loginTest" time="27.455" errors="0" timestamp="2024-05-08T03:52:43 PDT" skipped="0">
  <testcase classname="com.allianz.test.loginTest" name="invalidLogin" time="14.438"/>
  <testcase classname="com.allianz.test.loginTest" name="validLogin" time="13.017"/>
</testsuite> <!-- com.allianz.test.loginTest -->
