<?xml version="1.0" encoding="UTF-8"?>
<!-- Generated by org.testng.reporters.JUnitReportReporter -->
<testsuite hostname="DESKTOP-5BKKI8L" failures="0" tests="3" name="com.allianz.test.demoTest" time="0.053" errors="0" timestamp="2024-05-08T04:36:07 PDT" skipped="0">
  <testcase classname="com.allianz.test.demoTest" name="validtest" time="0.020"/>
  <testcase classname="com.allianz.test.demoTest" name="validtest" time="0.010"/>
  <testcase classname="com.allianz.test.demoTest" name="validtest" time="0.023"/>
</testsuite> <!-- com.allianz.test.demoTest -->
